[0m[[0m[0mdebug[0m] [0m[0m> Exec(run, None, None)[0m
[0m[[0m[0mdebug[0m] [0m[0mEvaluating tasks: Compile / run[0m
[0m[[0m[0mdebug[0m] [0m[0mRunning task... Cancel: Signal, check cycles: false, forcegc: true[0m
[0m[[0m[0minfo[0m] [0m[0mcompiling 1 Scala source to /home/lokeshwaranm/IdeaProjects/Log_Analyzer/target/scala-2.13/classes ...[0m
[0m[[0m[0minfo[0m] [0m[0mdone compiling[0m
[0m[[0m[31merror[0m] [0m[0mjava.util.regex.PatternSyntaxException: Unmatched closing ')' near index 15[0m
[0m[[0m[31merror[0m] [0m[0m(List(bodypart)))[,][0-9]+[0m
[0m[[0m[31merror[0m] [0m[0m               ^[0m
[0m[[0m[31merror[0m] [0m[0m	at java.util.regex.Pattern.error(Pattern.java:1969)[0m
[0m[[0m[31merror[0m] [0m[0m	at java.util.regex.Pattern.compile(Pattern.java:1706)[0m
[0m[[0m[31merror[0m] [0m[0m	at java.util.regex.Pattern.<init>(Pattern.java:1352)[0m
[0m[[0m[31merror[0m] [0m[0m	at java.util.regex.Pattern.compile(Pattern.java:1028)[0m
[0m[[0m[31merror[0m] [0m[0m	at scala.util.matching.Regex.<init>(Regex.scala:234)[0m
[0m[[0m[31merror[0m] [0m[0m	at scala.collection.StringOps$.r$extension(StringOps.scala:857)[0m
[0m[[0m[31merror[0m] [0m[0m	at ProcessLogFile.$anonfun$processMinValue$1(ProcessLogFile.scala:152)[0m
[0m[[0m[31merror[0m] [0m[0m	at scala.collection.immutable.Range.foreach$mVc$sp(Range.scala:190)[0m
[0m[[0m[31merror[0m] [0m[0m	at ProcessLogFile.processMinValue(ProcessLogFile.scala:150)[0m
[0m[[0m[31merror[0m] [0m[0m	at LogAnalyzer.analyzeLogFile(LogAnalyzer.scala:19)[0m
[0m[[0m[31merror[0m] [0m[0m	at LogAnalyzerObject$.delayedEndpoint$LogAnalyzerObject$1(LogAnalyzer.scala:64)[0m
[0m[[0m[31merror[0m] [0m[0m	at LogAnalyzerObject$delayedInit$body.apply(LogAnalyzer.scala:60)[0m
[0m[[0m[31merror[0m] [0m[0m	at scala.Function0.apply$mcV$sp(Function0.scala:39)[0m
[0m[[0m[31merror[0m] [0m[0m	at scala.Function0.apply$mcV$sp$(Function0.scala:39)[0m
[0m[[0m[31merror[0m] [0m[0m	at scala.runtime.AbstractFunction0.apply$mcV$sp(AbstractFunction0.scala:17)[0m
[0m[[0m[31merror[0m] [0m[0m	at scala.App.$anonfun$main$1(App.scala:76)[0m
[0m[[0m[31merror[0m] [0m[0m	at scala.App.$anonfun$main$1$adapted(App.scala:76)[0m
[0m[[0m[31merror[0m] [0m[0m	at scala.collection.IterableOnceOps.foreach(IterableOnce.scala:563)[0m
[0m[[0m[31merror[0m] [0m[0m	at scala.collection.IterableOnceOps.foreach$(IterableOnce.scala:561)[0m
[0m[[0m[31merror[0m] [0m[0m	at scala.collection.AbstractIterable.foreach(Iterable.scala:926)[0m
[0m[[0m[31merror[0m] [0m[0m	at scala.App.main(App.scala:76)[0m
[0m[[0m[31merror[0m] [0m[0m	at scala.App.main$(App.scala:74)[0m
[0m[[0m[31merror[0m] [0m[0m	at LogAnalyzerObject$.main(LogAnalyzer.scala:60)[0m
[0m[[0m[31merror[0m] [0m[0m	at LogAnalyzerObject.main(LogAnalyzer.scala)[0m
[0m[[0m[31merror[0m] [0m[0m	at sun.reflect.NativeMethodAccessorImpl.invoke0(Native Method)[0m
[0m[[0m[31merror[0m] [0m[0m	at sun.reflect.NativeMethodAccessorImpl.invoke(NativeMethodAccessorImpl.java:62)[0m
[0m[[0m[31merror[0m] [0m[0m	at sun.reflect.DelegatingMethodAccessorImpl.invoke(DelegatingMethodAccessorImpl.java:43)[0m
[0m[[0m[31merror[0m] [0m[0m	at java.lang.reflect.Method.invoke(Method.java:498)[0m
[0m[[0m[31merror[0m] [0m[0m	at sbt.Run.invokeMain(Run.scala:143)[0m
[0m[[0m[31merror[0m] [0m[0m	at sbt.Run.execute$1(Run.scala:93)[0m
[0m[[0m[31merror[0m] [0m[0m	at sbt.Run.$anonfun$runWithLoader$5(Run.scala:120)[0m
[0m[[0m[31merror[0m] [0m[0m	at sbt.Run$.executeSuccess(Run.scala:186)[0m
[0m[[0m[31merror[0m] [0m[0m	at sbt.Run.runWithLoader(Run.scala:120)[0m
[0m[[0m[31merror[0m] [0m[0m	at sbt.Defaults$.$anonfun$bgRunTask$6(Defaults.scala:1983)[0m
[0m[[0m[31merror[0m] [0m[0m	at sbt.Defaults$.$anonfun$termWrapper$2(Defaults.scala:1922)[0m
[0m[[0m[31merror[0m] [0m[0m	at scala.runtime.java8.JFunction0$mcV$sp.apply(JFunction0$mcV$sp.java:23)[0m
[0m[[0m[31merror[0m] [0m[0m	at scala.util.Try$.apply(Try.scala:213)[0m
[0m[[0m[31merror[0m] [0m[0m	at sbt.internal.BackgroundThreadPool$BackgroundRunnable.run(DefaultBackgroundJobService.scala:369)[0m
[0m[[0m[31merror[0m] [0m[0m	at java.util.concurrent.ThreadPoolExecutor.runWorker(ThreadPoolExecutor.java:1149)[0m
[0m[[0m[31merror[0m] [0m[0m	at java.util.concurrent.ThreadPoolExecutor$Worker.run(ThreadPoolExecutor.java:624)[0m
[0m[[0m[31merror[0m] [0m[0m	at java.lang.Thread.run(Thread.java:748)[0m
[0m[[0m[31merror[0m] [0m[0m(Compile / [31mrun[0m) java.util.regex.PatternSyntaxException: Unmatched closing ')' near index 15[0m
[0m[[0m[31merror[0m] [0m[0m(List(bodypart)))[,][0-9]+[0m
[0m[[0m[31merror[0m] [0m[0m               ^[0m
[0m[[0m[31merror[0m] [0m[0mTotal time: 4 s, completed 21 Feb, 2022 7:08:44 PM[0m
[0m[[0m[0mdebug[0m] [0m[0m> Exec(idea-shell, None, None)[0m
